  Bishop.cpp
  Camera.cpp
  Cell.cpp
  ChessBoard.cpp
  ChessGameManager.cpp
  ChessPiece.cpp
  GameplayState.cpp
  King.cpp
  Knight.cpp
  main.cpp
F:\Repos\PawnStars\PawnStarsChess\Chess Game\main.cpp(167,9): warning C4305: 'argument': truncation from 'double' to 'float'
F:\Repos\PawnStars\PawnStarsChess\Chess Game\main.cpp(196,8): warning C4305: 'argument': truncation from 'double' to 'float'
F:\Repos\PawnStars\PawnStarsChess\Chess Game\main.cpp(260,21): warning C4244: 'initializing': conversion from 'double' to 'float', possible loss of data
F:\Repos\PawnStars\PawnStarsChess\Chess Game\main.cpp(345,23): warning C4244: 'argument': conversion from 'double' to 'float', possible loss of data
  Mesh.cpp
F:\Repos\PawnStars\PawnStarsChess\Chess Game\Mesh.cpp(13,68): warning C4267: 'argument': conversion from 'size_t' to 'GLsizei', possible loss of data
  Model.cpp
  Pawn.cpp
  Player.cpp
  Queen.cpp
  Rook.cpp
  Shader.cpp
  stb.cpp
  Texture.cpp
LINK : warning LNK4098: defaultlib 'LIBCMT' conflicts with use of other libs; use /NODEFAULTLIB:library
LINK : warning LNK4098: defaultlib 'MSVCRTD' conflicts with use of other libs; use /NODEFAULTLIB:library
  Generating code
  Previous IPDB not found, fall back to full compilation.
F:\Repos\PawnStars\PawnStarsChess\Chess Game\ChessBoard.cpp(201): warning C4715: 'ChessBoard::createBTRow': not all control paths return a value
  All 967 functions were compiled because no usable IPDB/IOBJ from previous compilation was found.
  Finished generating code
glew32s.lib(glew.obj) : warning LNK4099: PDB 'vc120.pdb' was not found with 'glew32s.lib(glew.obj)' or at 'F:\Repos\PawnStars\PawnStarsChess\Chess Game\x64\Release\vc120.pdb'; linking object as if no debug info
glfw3.lib(context.obj) : warning LNK4099: PDB 'glfw.pdb' was not found with 'glfw3.lib(context.obj)' or at 'F:\Repos\PawnStars\PawnStarsChess\Chess Game\x64\Release\glfw.pdb'; linking object as if no debug info
glfw3.lib(init.obj) : warning LNK4099: PDB 'glfw.pdb' was not found with 'glfw3.lib(init.obj)' or at 'F:\Repos\PawnStars\PawnStarsChess\Chess Game\x64\Release\glfw.pdb'; linking object as if no debug info
glfw3.lib(input.obj) : warning LNK4099: PDB 'glfw.pdb' was not found with 'glfw3.lib(input.obj)' or at 'F:\Repos\PawnStars\PawnStarsChess\Chess Game\x64\Release\glfw.pdb'; linking object as if no debug info
glfw3.lib(monitor.obj) : warning LNK4099: PDB 'glfw.pdb' was not found with 'glfw3.lib(monitor.obj)' or at 'F:\Repos\PawnStars\PawnStarsChess\Chess Game\x64\Release\glfw.pdb'; linking object as if no debug info
glfw3.lib(vulkan.obj) : warning LNK4099: PDB 'glfw.pdb' was not found with 'glfw3.lib(vulkan.obj)' or at 'F:\Repos\PawnStars\PawnStarsChess\Chess Game\x64\Release\glfw.pdb'; linking object as if no debug info
glfw3.lib(window.obj) : warning LNK4099: PDB 'glfw.pdb' was not found with 'glfw3.lib(window.obj)' or at 'F:\Repos\PawnStars\PawnStarsChess\Chess Game\x64\Release\glfw.pdb'; linking object as if no debug info
glfw3.lib(win32_init.obj) : warning LNK4099: PDB 'glfw.pdb' was not found with 'glfw3.lib(win32_init.obj)' or at 'F:\Repos\PawnStars\PawnStarsChess\Chess Game\x64\Release\glfw.pdb'; linking object as if no debug info
glfw3.lib(win32_joystick.obj) : warning LNK4099: PDB 'glfw.pdb' was not found with 'glfw3.lib(win32_joystick.obj)' or at 'F:\Repos\PawnStars\PawnStarsChess\Chess Game\x64\Release\glfw.pdb'; linking object as if no debug info
glfw3.lib(win32_monitor.obj) : warning LNK4099: PDB 'glfw.pdb' was not found with 'glfw3.lib(win32_monitor.obj)' or at 'F:\Repos\PawnStars\PawnStarsChess\Chess Game\x64\Release\glfw.pdb'; linking object as if no debug info
glfw3.lib(win32_time.obj) : warning LNK4099: PDB 'glfw.pdb' was not found with 'glfw3.lib(win32_time.obj)' or at 'F:\Repos\PawnStars\PawnStarsChess\Chess Game\x64\Release\glfw.pdb'; linking object as if no debug info
glfw3.lib(win32_thread.obj) : warning LNK4099: PDB 'glfw.pdb' was not found with 'glfw3.lib(win32_thread.obj)' or at 'F:\Repos\PawnStars\PawnStarsChess\Chess Game\x64\Release\glfw.pdb'; linking object as if no debug info
glfw3.lib(win32_window.obj) : warning LNK4099: PDB 'glfw.pdb' was not found with 'glfw3.lib(win32_window.obj)' or at 'F:\Repos\PawnStars\PawnStarsChess\Chess Game\x64\Release\glfw.pdb'; linking object as if no debug info
glfw3.lib(wgl_context.obj) : warning LNK4099: PDB 'glfw.pdb' was not found with 'glfw3.lib(wgl_context.obj)' or at 'F:\Repos\PawnStars\PawnStarsChess\Chess Game\x64\Release\glfw.pdb'; linking object as if no debug info
glfw3.lib(egl_context.obj) : warning LNK4099: PDB 'glfw.pdb' was not found with 'glfw3.lib(egl_context.obj)' or at 'F:\Repos\PawnStars\PawnStarsChess\Chess Game\x64\Release\glfw.pdb'; linking object as if no debug info
glfw3.lib(osmesa_context.obj) : warning LNK4099: PDB 'glfw.pdb' was not found with 'glfw3.lib(osmesa_context.obj)' or at 'F:\Repos\PawnStars\PawnStarsChess\Chess Game\x64\Release\glfw.pdb'; linking object as if no debug info
  Chess Game.vcxproj -> F:\Repos\PawnStars\PawnStarsChess\Chess Game\x64\Release\Chess Game.exe
