f:\repos\pawnstars\pawnstarschess\chess game\x64\release\chess game.ipdb
f:\repos\pawnstars\pawnstarschess\chess game\x64\release\chess game.iobj
f:\repos\pawnstars\pawnstarschess\chess game\x64\release\vc142.pdb
f:\repos\pawnstars\pawnstarschess\chess game\x64\release\texture.obj
f:\repos\pawnstars\pawnstarschess\chess game\x64\release\stb.obj
f:\repos\pawnstars\pawnstarschess\chess game\x64\release\shader.obj
f:\repos\pawnstars\pawnstarschess\chess game\x64\release\rook.obj
f:\repos\pawnstars\pawnstarschess\chess game\x64\release\queen.obj
f:\repos\pawnstars\pawnstarschess\chess game\x64\release\player.obj
f:\repos\pawnstars\pawnstarschess\chess game\x64\release\pawn.obj
f:\repos\pawnstars\pawnstarschess\chess game\x64\release\model.obj
f:\repos\pawnstars\pawnstarschess\chess game\x64\release\mesh.obj
f:\repos\pawnstars\pawnstarschess\chess game\x64\release\main.obj
f:\repos\pawnstars\pawnstarschess\chess game\x64\release\knight.obj
f:\repos\pawnstars\pawnstarschess\chess game\x64\release\king.obj
f:\repos\pawnstars\pawnstarschess\chess game\x64\release\gameplaystate.obj
f:\repos\pawnstars\pawnstarschess\chess game\x64\release\chesspiece.obj
f:\repos\pawnstars\pawnstarschess\chess game\x64\release\chessgamemanager.obj
f:\repos\pawnstars\pawnstarschess\chess game\x64\release\chessboard.obj
f:\repos\pawnstars\pawnstarschess\chess game\x64\release\cell.obj
f:\repos\pawnstars\pawnstarschess\chess game\x64\release\camera.obj
f:\repos\pawnstars\pawnstarschess\chess game\x64\release\bishop.obj
f:\repos\pawnstars\pawnstarschess\chess game\x64\release\chess game.exe
f:\repos\pawnstars\pawnstarschess\chess game\x64\release\chess game.pdb
f:\repos\pawnstars\pawnstarschess\chess game\x64\release\chess game.tlog\chess game.write.1u.tlog
f:\repos\pawnstars\pawnstarschess\chess game\x64\release\chess game.tlog\cl.command.1.tlog
f:\repos\pawnstars\pawnstarschess\chess game\x64\release\chess game.tlog\cl.read.1.tlog
f:\repos\pawnstars\pawnstarschess\chess game\x64\release\chess game.tlog\cl.write.1.tlog
f:\repos\pawnstars\pawnstarschess\chess game\x64\release\chess game.tlog\link.command.1.tlog
f:\repos\pawnstars\pawnstarschess\chess game\x64\release\chess game.tlog\link.read.1.tlog
f:\repos\pawnstars\pawnstarschess\chess game\x64\release\chess game.tlog\link.write.1.tlog
